4/4/2026 4:00:16 PM: Start() called
4/4/2026 4:00:16 PM: Before ApplicationConfiguration
4/4/2026 4:00:16 PM: After ApplicationConfiguration
4/4/2026 4:00:16 PM: appPath: C:\Users\aminp\Downloads\manicdigger-2015-10-14a\manicdigger-2015-10-14a\ManicDigger\bin\Debug\net10.0-windows
4/4/2026 4:00:16 PM: Creating MainMenu and platform
4/4/2026 4:00:16 PM: Creating GameWindowNative
4/4/2026 4:00:17 PM: mainmenu.Start
4/4/2026 4:00:17 PM: AssetLoader searching paths:
4/4/2026 4:00:17 PM: Checking path: C:\Users\aminp\data exists=False
4/4/2026 4:00:17 PM: Checking path: C:\Users\aminp\Downloads\manicdigger-2015-10-14a\manicdigger-2015-10-14a\data exists=True
4/4/2026 4:00:17 PM: Assets loaded: 347, setting progress to 1
4/4/2026 4:00:17 PM: Progress set to: 1
4/4/2026 4:00:17 PM: Asset list fully populated
4/4/2026 4:00:17 PM: ReadArgs
4/4/2026 4:00:17 PM: platform.Start
4/4/2026 4:00:17 PM: platform.Start done
4/4/2026 4:00:17 PM: game.Run()
4/4/2026 4:00:22 PM: AssetLoader searching paths:
4/4/2026 4:00:22 PM: Checking path: C:\Users\aminp\data\public exists=False
4/4/2026 4:00:22 PM: Checking path: C:\Users\aminp\Downloads\manicdigger-2015-10-14a\manicdigger-2015-10-14a\data\public exists=True
4/4/2026 4:00:22 PM: Assets loaded: 291, setting progress to 1
4/4/2026 4:00:22 PM: Progress set to: 1
4/4/2026 4:00:22 PM: Asset list fully populated
4/4/2026 4:00:26 PM: AssetLoader searching paths:
4/4/2026 4:00:26 PM: Checking path: C:\Users\aminp\data\public exists=False
4/4/2026 4:00:26 PM: Checking path: C:\Users\aminp\Downloads\manicdigger-2015-10-14a\manicdigger-2015-10-14a\data\public exists=True
4/4/2026 4:00:26 PM: Assets loaded: 291, setting progress to 1
4/4/2026 4:00:26 PM: Progress set to: 1
4/4/2026 4:00:26 PM: Asset list fully populated
4/4/2026 4:00:45 PM: Start() called
4/4/2026 4:00:45 PM: Before ApplicationConfiguration
4/4/2026 4:00:45 PM: After ApplicationConfiguration
4/4/2026 4:00:45 PM: appPath: C:\Users\aminp\Downloads\manicdigger-2015-10-14a\manicdigger-2015-10-14a\ManicDigger\bin\Debug\net10.0-windows
4/4/2026 4:00:45 PM: Creating MainMenu and platform
4/4/2026 4:00:45 PM: Creating GameWindowNative
4/4/2026 4:00:45 PM: mainmenu.Start
4/4/2026 4:00:45 PM: AssetLoader searching paths:
4/4/2026 4:00:45 PM: Checking path: C:\Users\aminp\data exists=False
4/4/2026 4:00:45 PM: Checking path: C:\Users\aminp\Downloads\manicdigger-2015-10-14a\manicdigger-2015-10-14a\data exists=True
4/4/2026 4:00:45 PM: Assets loaded: 347, setting progress to 1
4/4/2026 4:00:45 PM: Progress set to: 1
4/4/2026 4:00:45 PM: Asset list fully populated
4/4/2026 4:00:45 PM: ReadArgs
4/4/2026 4:00:45 PM: platform.Start
4/4/2026 4:00:45 PM: platform.Start done
4/4/2026 4:00:45 PM: game.Run()
4/4/2026 4:00:55 PM: AssetLoader searching paths:
4/4/2026 4:00:55 PM: Checking path: C:\Users\aminp\data\public exists=False
4/4/2026 4:00:55 PM: Checking path: C:\Users\aminp\Downloads\manicdigger-2015-10-14a\manicdigger-2015-10-14a\data\public exists=True
4/4/2026 4:00:55 PM: Assets loaded: 291, setting progress to 1
4/4/2026 4:00:55 PM: Progress set to: 1
4/4/2026 4:00:55 PM: Asset list fully populated
4/4/2026 4:00:55 PM: AssetLoader searching paths:
4/4/2026 4:00:55 PM: Checking path: C:\Users\aminp\data\public exists=False
4/4/2026 4:00:55 PM: Checking path: C:\Users\aminp\Downloads\manicdigger-2015-10-14a\manicdigger-2015-10-14a\data\public exists=True
4/4/2026 4:00:55 PM: Assets loaded: 291, setting progress to 1
4/4/2026 4:00:55 PM: Progress set to: 1
4/4/2026 4:00:55 PM: Asset list fully populated
4/4/2026 4:00:55 PM: Handler error: Index was outside the bounds of the array.
   at ModDrawHand3d.GetWeaponTextureId(Int32 side) in C:\Users\aminp\Downloads\manicdigger-2015-10-14a\manicdigger-2015-10-14a\ManicDiggerLib\Client\Mods\DrawHand3d.ci.cs:line 58
   at ModDrawHand3d.DrawWeapon(Single dt) in C:\Users\aminp\Downloads\manicdigger-2015-10-14a\manicdigger-2015-10-14a\ManicDiggerLib\Client\Mods\DrawHand3d.ci.cs:line 161
   at ModDrawHand3d.OnNewFrameDraw3d(Game game_, Single deltaTime) in C:\Users\aminp\Downloads\manicdigger-2015-10-14a\manicdigger-2015-10-14a\ManicDiggerLib\Client\Mods\DrawHand3d.ci.cs:line 42
   at Game.MainThreadOnRenderFrame(Single deltaTime) in C:\Users\aminp\Downloads\manicdigger-2015-10-14a\manicdigger-2015-10-14a\ManicDiggerLib\Client\Game.ci.cs:line 396
   at ModDrawMain.OnReadOnlyMainThread(Game game, Single dt) in C:\Users\aminp\Downloads\manicdigger-2015-10-14a\manicdigger-2015-10-14a\ManicDiggerLib\Client\Misc\GameMisc.ci.cs:line 1698
   at TaskScheduler.Update(Game game, Single dt) in C:\Users\aminp\Downloads\manicdigger-2015-10-14a\manicdigger-2015-10-14a\ManicDiggerLib\Client\Misc\TaskScheduler.ci.cs:line 25
   at Game.OnRenderFrame(Single deltaTime) in C:\Users\aminp\Downloads\manicdigger-2015-10-14a\manicdigger-2015-10-14a\ManicDiggerLib\Client\Game.ci.cs:line 320
   at ScreenGame.Render(Single dt) in C:\Users\aminp\Downloads\manicdigger-2015-10-14a\manicdigger-2015-10-14a\ManicDiggerLib\Client\MainMenu\GameScreen.ci.cs:line 153
   at MainMenu.DrawScene(Single dt) in C:\Users\aminp\Downloads\manicdigger-2015-10-14a\manicdigger-2015-10-14a\ManicDiggerLib\Client\MainMenu.ci.cs:line 118
   at MainMenu.OnNewFrame(NewFrameEventArgs args) in C:\Users\aminp\Downloads\manicdigger-2015-10-14a\manicdigger-2015-10-14a\ManicDiggerLib\Client\MainMenu.ci.cs:line 356
   at MainMenuNewFrameHandler.OnNewFrame(NewFrameEventArgs args) in C:\Users\aminp\Downloads\manicdigger-2015-10-14a\manicdigger-2015-10-14a\ManicDiggerLib\Client\MainMenu.ci.cs:line 1155
   at GamePlatformNative.window_RenderFrame(FrameEventArgs e) in C:\Users\aminp\Downloads\manicdigger-2015-10-14a\manicdigger-2015-10-14a\ManicDiggerLib\Client\Misc\PlatformNative.cs:line 2026
4/4/2026 4:01:00 PM: Start EXCEPTION: System.AggregateException: Multiple exceptions in callback handlers while processing events. (Index was outside the bounds of the array.) (Index was outside the bounds of the array.)
 ---> System.IndexOutOfRangeException: Index was outside the bounds of the array.
   at MainMenu.HandleKeyDown(KeyEventArgs e) in C:\Users\aminp\Downloads\manicdigger-2015-10-14a\manicdigger-2015-10-14a\ManicDiggerLib\Client\MainMenu.ci.cs:line 75
   at MainMenuKeyEventHandler.OnKeyDown(KeyEventArgs e) in C:\Users\aminp\Downloads\manicdigger-2015-10-14a\manicdigger-2015-10-14a\ManicDiggerLib\Client\MainMenu.ci.cs:line 1170
   at GamePlatformNative.game_KeyDown(KeyboardKeyEventArgs e) in C:\Users\aminp\Downloads\manicdigger-2015-10-14a\manicdigger-2015-10-14a\ManicDiggerLib\Client\Misc\PlatformNative.cs:line 2214
   at OpenTK.Windowing.Desktop.NativeWindow.OnKeyDown(KeyboardKeyEventArgs e)
   at OpenTK.Windowing.Desktop.NativeWindow.KeyCallback(Window* window, Keys key, Int32 scancode, InputAction action, KeyModifiers mods)
   --- End of inner exception stack trace ---
   at OpenTK.Windowing.Desktop.NativeWindow.RethrowCallbackExceptionsIfNeeded()
   at OpenTK.Windowing.Desktop.GameWindow.Run()
   at ManicDiggerProgram.Start(String[] args) in C:\Users\aminp\Downloads\manicdigger-2015-10-14a\manicdigger-2015-10-14a\ManicDigger\Program.cs:line 96
 ---> (Inner Exception #1) System.IndexOutOfRangeException: Index was outside the bounds of the array.
   at MainMenu.HandleKeyUp(KeyEventArgs e) in C:\Users\aminp\Downloads\manicdigger-2015-10-14a\manicdigger-2015-10-14a\ManicDiggerLib\Client\MainMenu.ci.cs:line 81
   at MainMenuKeyEventHandler.OnKeyUp(KeyEventArgs e) in C:\Users\aminp\Downloads\manicdigger-2015-10-14a\manicdigger-2015-10-14a\ManicDiggerLib\Client\MainMenu.ci.cs:line 1174
   at GamePlatformNative.game_KeyUp(KeyboardKeyEventArgs e) in C:\Users\aminp\Downloads\manicdigger-2015-10-14a\manicdigger-2015-10-14a\ManicDiggerLib\Client\Misc\PlatformNative.cs:line 2224
   at OpenTK.Windowing.Desktop.NativeWindow.OnKeyUp(KeyboardKeyEventArgs e)
   at OpenTK.Windowing.Desktop.NativeWindow.KeyCallback(Window* window, Keys key, Int32 scancode, InputAction action, KeyModifiers mods)<---

   at OpenTK.Windowing.Desktop.NativeWindow.RethrowCallbackExceptionsIfNeeded()
   at OpenTK.Windowing.Desktop.GameWindow.Run()
   at ManicDiggerProgram.Start(String[] args) in C:\Users\aminp\Downloads\manicdigger-2015-10-14a\manicdigger-2015-10-14a\ManicDigger\Program.cs:line 96
4/4/2026 4:05:16 PM: Start() called
4/4/2026 4:05:16 PM: Before ApplicationConfiguration
4/4/2026 4:05:16 PM: After ApplicationConfiguration
4/4/2026 4:05:16 PM: appPath: C:\Users\aminp\Downloads\manicdigger-2015-10-14a\manicdigger-2015-10-14a\ManicDigger\bin\Debug\net10.0-windows
4/4/2026 4:05:16 PM: Creating MainMenu and platform
4/4/2026 4:05:16 PM: Creating GameWindowNative
4/4/2026 4:05:16 PM: mainmenu.Start
4/4/2026 4:05:16 PM: AssetLoader searching paths:
4/4/2026 4:05:16 PM: Checking path: C:\Users\aminp\data exists=False
4/4/2026 4:05:16 PM: Checking path: C:\Users\aminp\Downloads\manicdigger-2015-10-14a\manicdigger-2015-10-14a\data exists=True
4/4/2026 4:05:16 PM: Assets loaded: 347, setting progress to 1
4/4/2026 4:05:16 PM: Progress set to: 1
4/4/2026 4:05:16 PM: Asset list fully populated
4/4/2026 4:05:16 PM: ReadArgs
4/4/2026 4:05:16 PM: platform.Start
4/4/2026 4:05:16 PM: platform.Start done
4/4/2026 4:05:16 PM: game.Run()
4/4/2026 4:05:21 PM: AssetLoader searching paths:
4/4/2026 4:05:21 PM: Checking path: C:\Users\aminp\data\public exists=False
4/4/2026 4:05:21 PM: Checking path: C:\Users\aminp\Downloads\manicdigger-2015-10-14a\manicdigger-2015-10-14a\data\public exists=True
4/4/2026 4:05:21 PM: Assets loaded: 291, setting progress to 1
4/4/2026 4:05:21 PM: Progress set to: 1
4/4/2026 4:05:21 PM: Asset list fully populated
4/4/2026 4:05:21 PM: AssetLoader searching paths:
4/4/2026 4:05:21 PM: Checking path: C:\Users\aminp\data\public exists=False
4/4/2026 4:05:21 PM: Checking path: C:\Users\aminp\Downloads\manicdigger-2015-10-14a\manicdigger-2015-10-14a\data\public exists=True
4/4/2026 4:05:21 PM: Assets loaded: 291, setting progress to 1
4/4/2026 4:05:21 PM: Progress set to: 1
4/4/2026 4:05:21 PM: Asset list fully populated
4/4/2026 9:51:21 PM: Start() called
4/4/2026 9:51:21 PM: Before ApplicationConfiguration
4/4/2026 9:51:21 PM: After ApplicationConfiguration
4/4/2026 9:51:21 PM: appPath: C:\Users\aminp\Downloads\manicdigger-2015-10-14a\manicdigger-2015-10-14a\ManicDigger\bin\Debug\net10.0-windows
4/4/2026 9:51:21 PM: Creating MainMenu and platform
4/4/2026 9:51:21 PM: Creating GameWindowNative
4/4/2026 9:56:29 PM: Start() called
4/4/2026 9:56:29 PM: Before ApplicationConfiguration
4/4/2026 9:56:29 PM: After ApplicationConfiguration
4/4/2026 9:56:29 PM: appPath: C:\Users\aminp\Downloads\manicdigger-2015-10-14a\manicdigger-2015-10-14a\ManicDigger\bin\Debug\net10.0-windows
4/4/2026 9:56:29 PM: Creating MainMenu and platform
4/4/2026 9:56:29 PM: Creating GameWindowNative
4/4/2026 9:57:28 PM: Start() called
4/4/2026 9:57:28 PM: Before ApplicationConfiguration
4/4/2026 9:57:28 PM: After ApplicationConfiguration
4/4/2026 9:57:28 PM: appPath: C:\Users\aminp\Downloads\manicdigger-2015-10-14a\manicdigger-2015-10-14a\ManicDigger\bin\Debug\net10.0-windows
4/4/2026 9:57:28 PM: Creating MainMenu and platform
4/4/2026 9:57:28 PM: Creating GameWindowNative
4/4/2026 10:15:18 PM: Start() called
4/4/2026 10:15:18 PM: Before ApplicationConfiguration
4/4/2026 10:15:18 PM: After ApplicationConfiguration
4/4/2026 10:15:18 PM: appPath: C:\Users\aminp\Downloads\manicdigger-2015-10-14a\manicdigger-2015-10-14a\ManicDigger\bin\Debug\net10.0-windows
4/4/2026 10:15:18 PM: Creating MainMenu and platform
4/4/2026 10:15:18 PM: Creating GameWindowNative
4/4/2026 10:17:24 PM: Start() called
4/4/2026 10:17:24 PM: Before ApplicationConfiguration
4/4/2026 10:17:24 PM: After ApplicationConfiguration
4/4/2026 10:17:24 PM: appPath: C:\Users\aminp\Downloads\manicdigger-2015-10-14a\manicdigger-2015-10-14a\ManicDigger\bin\Debug\net10.0-windows
4/4/2026 10:17:24 PM: Creating MainMenu and platform
4/4/2026 10:17:24 PM: Creating GameWindowNative
4/4/2026 10:20:01 PM: Creating GameWindowNative
4/4/2026 10:20:33 PM: Start EXCEPTION: System.BadImageFormatException: An attempt was made to load a program with an incorrect format. (0x8007000B)
   at ENet.Native.enet_host_create(IntPtr address, IntPtr peerLimit, IntPtr channelLimit, UInt32 incomingBandwidth, UInt32 outgoingBandwidth, Int32 bufferSize)
   at ENet.Native.enet_host_create(IntPtr address, IntPtr peerLimit, IntPtr channelLimit, UInt32 incomingBandwidth, UInt32 outgoingBandwidth, Int32 bufferSize)
   at ENet.Host.Create(Nullable`1 address, Int32 peerLimit, Int32 channelLimit, UInt32 incomingBandwidth, UInt32 outgoingBandwidth, Int32 bufferSize)
   at ENet.Host.Create(Int32 peerLimit, Int32 channelLimit, UInt32 incomingBandwidth, UInt32 outgoingBandwidth)
   at GamePlatformNative.EnetHostInitialize(EnetHost host, IPEndPointCi address, Int32 peerLimit, Int32 channelLimit, Int32 incomingBandwidth, Int32 outgoingBandwidth) in C:\Users\aminp\Downloads\manicdigger-2015-10-14a\manicdigger-2015-10-14a\ManicDiggerLib\Client\Misc\PlatformNative.cs:line 1303
   at EnetNetClient.Start() in C:\Users\aminp\Downloads\manicdigger-2015-10-14a\manicdigger-2015-10-14a\ManicDiggerLib\Client\Misc\NetworkEnet.ci.cs:line 123
   at Game.Connect(String serverAddress, Int32 port, String username, String auth) in C:\Users\aminp\Downloads\manicdigger-2015-10-14a\manicdigger-2015-10-14a\ManicDiggerLib\Client\Game.ci.cs:line 2486
   at Game.Connect__() in C:\Users\aminp\Downloads\manicdigger-2015-10-14a\manicdigger-2015-10-14a\ManicDiggerLib\Client\Game.ci.cs:line 3805
   at Game.GotoDraw2d(Single dt) in C:\Users\aminp\Downloads\manicdigger-2015-10-14a\manicdigger-2015-10-14a\ManicDiggerLib\Client\Game.ci.cs:line 3849
   at Game.MainThreadOnRenderFrame(Single deltaTime) in C:\Users\aminp\Downloads\manicdigger-2015-10-14a\manicdigger-2015-10-14a\ManicDiggerLib\Client\Game.ci.cs:line 365
   at ModDrawMain.OnReadOnlyMainThread(Game game, Single dt) in C:\Users\aminp\Downloads\manicdigger-2015-10-14a\manicdigger-2015-10-14a\ManicDiggerLib\Client\Misc\GameMisc.ci.cs:line 1698
   at TaskScheduler.Update(Game game, Single dt) in C:\Users\aminp\Downloads\manicdigger-2015-10-14a\manicdigger-2015-10-14a\ManicDiggerLib\Client\Misc\TaskScheduler.ci.cs:line 25
   at Game.OnRenderFrame(Single deltaTime) in C:\Users\aminp\Downloads\manicdigger-2015-10-14a\manicdigger-2015-10-14a\ManicDiggerLib\Client\Game.ci.cs:line 320
   at ScreenGame.Render(Single dt) in C:\Users\aminp\Downloads\manicdigger-2015-10-14a\manicdigger-2015-10-14a\ManicDiggerLib\Client\MainMenu\GameScreen.ci.cs:line 153
   at MainMenu.DrawScene(Single dt) in C:\Users\aminp\Downloads\manicdigger-2015-10-14a\manicdigger-2015-10-14a\ManicDiggerLib\Client\MainMenu.ci.cs:line 118
   at MainMenu.OnNewFrame(NewFrameEventArgs args) in C:\Users\aminp\Downloads\manicdigger-2015-10-14a\manicdigger-2015-10-14a\ManicDiggerLib\Client\MainMenu.ci.cs:line 356
   at MainMenuNewFrameHandler.OnNewFrame(NewFrameEventArgs args) in C:\Users\aminp\Downloads\manicdigger-2015-10-14a\manicdigger-2015-10-14a\ManicDiggerLib\Client\MainMenu.ci.cs:line 1155
   at GamePlatformNative.WindowRenderFrame(Object sender, FrameEventArgs e) in C:\Users\aminp\Downloads\manicdigger-2015-10-14a\manicdigger-2015-10-14a\ManicDiggerLib\Client\Misc\PlatformNative.cs:line 2045
   at OpenTK.GameWindow.RaiseRenderFrame(Double elapsed, Double& timestamp)
   at OpenTK.GameWindow.DispatchUpdateAndRenderFrame(Object sender, EventArgs e)
   at OpenTK.GameWindow.Run(Double updates_per_second, Double frames_per_second)
   at OpenTK.GameWindow.Run()
   at ManicDiggerProgram.Start(String[] args) in C:\Users\aminp\Downloads\manicdigger-2015-10-14a\manicdigger-2015-10-14a\ManicDigger\Program.cs:line 71
   at ENet.Native.enet_host_create(IntPtr address, IntPtr peerLimit, IntPtr channelLimit, UInt32 incomingBandwidth, UInt32 outgoingBandwidth, Int32 bufferSize)
   at ENet.Native.enet_host_create(IntPtr address, IntPtr peerLimit, IntPtr channelLimit, UInt32 incomingBandwidth, UInt32 outgoingBandwidth, Int32 bufferSize)
   at ENet.Host.Create(Nullable`1 address, Int32 peerLimit, Int32 channelLimit, UInt32 incomingBandwidth, UInt32 outgoingBandwidth, Int32 bufferSize)
   at ENet.Host.Create(Int32 peerLimit, Int32 channelLimit, UInt32 incomingBandwidth, UInt32 outgoingBandwidth)
   at GamePlatformNative.EnetHostInitialize(EnetHost host, IPEndPointCi address, Int32 peerLimit, Int32 channelLimit, Int32 incomingBandwidth, Int32 outgoingBandwidth) in C:\Users\aminp\Downloads\manicdigger-2015-10-14a\manicdigger-2015-10-14a\ManicDiggerLib\Client\Misc\PlatformNative.cs:line 1303
   at EnetNetClient.Start() in C:\Users\aminp\Downloads\manicdigger-2015-10-14a\manicdigger-2015-10-14a\ManicDiggerLib\Client\Misc\NetworkEnet.ci.cs:line 123
   at Game.Connect(String serverAddress, Int32 port, String username, String auth) in C:\Users\aminp\Downloads\manicdigger-2015-10-14a\manicdigger-2015-10-14a\ManicDiggerLib\Client\Game.ci.cs:line 2486
   at Game.Connect__() in C:\Users\aminp\Downloads\manicdigger-2015-10-14a\manicdigger-2015-10-14a\ManicDiggerLib\Client\Game.ci.cs:line 3805
   at Game.GotoDraw2d(Single dt) in C:\Users\aminp\Downloads\manicdigger-2015-10-14a\manicdigger-2015-10-14a\ManicDiggerLib\Client\Game.ci.cs:line 3849
   at Game.MainThreadOnRenderFrame(Single deltaTime) in C:\Users\aminp\Downloads\manicdigger-2015-10-14a\manicdigger-2015-10-14a\ManicDiggerLib\Client\Game.ci.cs:line 365
   at ModDrawMain.OnReadOnlyMainThread(Game game, Single dt) in C:\Users\aminp\Downloads\manicdigger-2015-10-14a\manicdigger-2015-10-14a\ManicDiggerLib\Client\Misc\GameMisc.ci.cs:line 1698
   at TaskScheduler.Update(Game game, Single dt) in C:\Users\aminp\Downloads\manicdigger-2015-10-14a\manicdigger-2015-10-14a\ManicDiggerLib\Client\Misc\TaskScheduler.ci.cs:line 25
   at Game.OnRenderFrame(Single deltaTime) in C:\Users\aminp\Downloads\manicdigger-2015-10-14a\manicdigger-2015-10-14a\ManicDiggerLib\Client\Game.ci.cs:line 320
   at ScreenGame.Render(Single dt) in C:\Users\aminp\Downloads\manicdigger-2015-10-14a\manicdigger-2015-10-14a\ManicDiggerLib\Client\MainMenu\GameScreen.ci.cs:line 153
   at MainMenu.DrawScene(Single dt) in C:\Users\aminp\Downloads\manicdigger-2015-10-14a\manicdigger-2015-10-14a\ManicDiggerLib\Client\MainMenu.ci.cs:line 118
   at MainMenu.OnNewFrame(NewFrameEventArgs args) in C:\Users\aminp\Downloads\manicdigger-2015-10-14a\manicdigger-2015-10-14a\ManicDiggerLib\Client\MainMenu.ci.cs:line 356
   at MainMenuNewFrameHandler.OnNewFrame(NewFrameEventArgs args) in C:\Users\aminp\Downloads\manicdigger-2015-10-14a\manicdigger-2015-10-14a\ManicDiggerLib\Client\MainMenu.ci.cs:line 1155
   at GamePlatformNative.WindowRenderFrame(Object sender, FrameEventArgs e) in C:\Users\aminp\Downloads\manicdigger-2015-10-14a\manicdigger-2015-10-14a\ManicDiggerLib\Client\Misc\PlatformNative.cs:line 2045
   at OpenTK.GameWindow.RaiseRenderFrame(Double elapsed, Double& timestamp)
   at OpenTK.GameWindow.DispatchUpdateAndRenderFrame(Object sender, EventArgs e)
   at OpenTK.GameWindow.Run(Double updates_per_second, Double frames_per_second)
   at OpenTK.GameWindow.Run()
   at ManicDiggerProgram.Start(String[] args) in C:\Users\aminp\Downloads\manicdigger-2015-10-14a\manicdigger-2015-10-14a\ManicDigger\Program.cs:line 71
